2014-03-16 14:04:05,826 [main] INFO  AlgorithmsLoader - start algorithm loader
2014-03-16 14:04:05,827 [main] DEBUG AlgorithmsLoader - properties file found
2014-03-16 14:04:05,828 [main] INFO  AlgorithmsLoader - stop algorithm loader
2014-03-16 14:20:19,427 [main] INFO  AlgorithmsLoader - start algorithm loader
2014-03-16 14:20:19,428 [main] DEBUG AlgorithmsLoader - properties file found
2014-03-16 14:20:19,428 [main] INFO  AlgorithmsLoader - stop algorithm loader
2014-03-16 16:41:03,311 [main] INFO  AlgorithmsLoader - start algorithm loader
2014-03-16 16:41:03,313 [main] DEBUG AlgorithmsLoader - properties file found
2014-03-16 16:41:03,313 [main] INFO  AlgorithmsLoader - stop algorithm loader
2014-03-16 16:41:05,000 [Thread-2] INFO  StockFilter - stock a have 20 days for last month
2014-03-16 16:41:05,316 [Thread-5] INFO  StockFilter - stock aapl have 47 days for last month
2014-03-16 16:41:05,391 [Thread-5] INFO  StockFilter - stock spy have 47 days for last month
2014-03-16 16:41:06,053 [main] INFO  StockFilter - stock ibm have 274 days for last month
2014-03-16 16:41:06,133 [main] INFO  StockFilter - stock aapl have 31 days for last month
2014-03-16 16:41:06,190 [main] INFO  StockFilter - stock spy have 31 days for last month
2014-03-16 16:41:06,289 [main] INFO  StockFilter - stock smallaapl have 31 days for last month
2014-03-16 16:41:06,373 [main] INFO  YahooFileStorage - filtered datafeed header readed: 5 stocks
2014-03-16 16:41:06,490 [main] INFO  YahooFileStorage - stocks were loaded
2014-03-16 16:41:06,491 [main] INFO  YahooFileStorage - filtered datafeed header readed: 5 stocks
2014-03-16 16:41:06,613 [main] INFO  YahooFileStorage - stocks were loaded
2014-03-16 16:49:51,466 [main] INFO  AlgorithmsLoader - start algorithm loader
2014-03-16 16:49:51,467 [main] DEBUG AlgorithmsLoader - properties file found
2014-03-16 16:49:51,467 [main] INFO  AlgorithmsLoader - stop algorithm loader
2014-03-16 16:49:53,181 [Thread-2] INFO  StockFilter - stock a have 20 days for last month
2014-03-16 16:49:53,610 [Thread-5] INFO  StockFilter - stock aapl have 47 days for last month
2014-03-16 16:49:53,687 [Thread-5] INFO  StockFilter - stock spy have 47 days for last month
2014-03-16 16:49:54,380 [main] INFO  StockFilter - stock ibm have 274 days for last month
2014-03-16 16:49:54,463 [main] INFO  StockFilter - stock aapl have 31 days for last month
2014-03-16 16:49:54,521 [main] INFO  StockFilter - stock spy have 31 days for last month
2014-03-16 16:49:54,623 [main] INFO  StockFilter - stock smallaapl have 31 days for last month
2014-03-16 16:49:54,711 [main] INFO  YahooFileStorage - filtered datafeed header readed: 5 stocks
2014-03-16 16:49:54,829 [main] INFO  YahooFileStorage - stocks were loaded
2014-03-16 16:49:54,830 [main] INFO  YahooFileStorage - filtered datafeed header readed: 5 stocks
2014-03-16 16:49:54,953 [main] INFO  YahooFileStorage - stocks were loaded
2014-03-16 16:53:35,941 [main] INFO  AlgorithmsLoader - start algorithm loader
2014-03-16 16:53:35,942 [main] DEBUG AlgorithmsLoader - properties file found
2014-03-16 16:53:35,943 [main] INFO  AlgorithmsLoader - stop algorithm loader
2014-03-16 16:53:37,429 [Thread-2] INFO  StockFilter - stock a have 20 days for last month
2014-03-16 16:53:38,041 [Thread-5] INFO  StockFilter - stock aapl have 47 days for last month
2014-03-16 16:53:38,102 [Thread-5] INFO  StockFilter - stock spy have 47 days for last month
2014-03-16 16:53:38,742 [main] INFO  StockFilter - stock ibm have 274 days for last month
2014-03-16 16:53:38,822 [main] INFO  StockFilter - stock aapl have 31 days for last month
2014-03-16 16:53:38,881 [main] INFO  StockFilter - stock spy have 31 days for last month
2014-03-16 16:53:38,981 [main] INFO  StockFilter - stock smallaapl have 31 days for last month
2014-03-16 16:53:39,067 [main] INFO  YahooFileStorage - filtered datafeed header readed: 5 stocks
2014-03-16 16:53:39,184 [main] INFO  YahooFileStorage - stocks were loaded
2014-03-16 16:53:39,185 [main] INFO  YahooFileStorage - filtered datafeed header readed: 5 stocks
2014-03-16 16:53:39,297 [main] INFO  YahooFileStorage - stocks were loaded
2014-03-16 17:05:32,967 [main] INFO  AlgorithmsLoader - start algorithm loader
2014-03-16 17:05:32,968 [main] DEBUG AlgorithmsLoader - properties file found
2014-03-16 17:05:32,968 [main] INFO  AlgorithmsLoader - stop algorithm loader
2014-03-16 17:05:34,495 [Thread-2] INFO  StockFilter - stock a have 20 days for last month
2014-03-16 17:05:35,053 [Thread-5] INFO  StockFilter - stock aapl have 47 days for last month
2014-03-16 17:05:35,120 [Thread-5] INFO  StockFilter - stock spy have 47 days for last month
2014-03-16 17:05:35,806 [main] INFO  StockFilter - stock ibm have 274 days for last month
2014-03-16 17:05:35,891 [main] INFO  StockFilter - stock aapl have 31 days for last month
2014-03-16 17:05:35,952 [main] INFO  StockFilter - stock spy have 31 days for last month
2014-03-16 17:05:36,054 [main] INFO  StockFilter - stock smallaapl have 31 days for last month
2014-03-16 17:05:36,140 [main] INFO  YahooFileStorage - filtered datafeed header readed: 5 stocks
2014-03-16 17:05:36,271 [main] INFO  YahooFileStorage - stocks were loaded
2014-03-16 17:05:36,273 [main] INFO  YahooFileStorage - filtered datafeed header readed: 5 stocks
2014-03-16 17:05:36,391 [main] INFO  YahooFileStorage - stocks were loaded
2014-03-17 00:18:33,251 [main] INFO  AlgorithmsLoader - start algorithm loader
2014-03-17 00:18:33,253 [main] DEBUG AlgorithmsLoader - properties file found
2014-03-17 00:18:33,253 [main] INFO  AlgorithmsLoader - stop algorithm loader
2014-03-17 00:18:35,238 [Thread-5] INFO  StockFilter - stock aapl have 47 days for last month
2014-03-17 00:18:35,299 [Thread-5] INFO  StockFilter - stock spy have 47 days for last month
2014-03-17 00:18:35,967 [main] INFO  StockFilter - stock smallaapl have 31 days for last month
2014-03-17 00:18:36,001 [main] INFO  StockFilter - stock ibm have 274 days for last month
2014-03-17 00:18:36,081 [main] INFO  StockFilter - stock aapl have 31 days for last month
2014-03-17 00:18:36,137 [main] INFO  StockFilter - stock spy have 31 days for last month
2014-03-17 00:18:36,235 [main] INFO  YahooFileStorage - filtered datafeed header readed: 5 stocks
2014-03-17 00:18:36,345 [main] INFO  YahooFileStorage - stocks were loaded
2014-03-17 00:18:36,346 [main] INFO  YahooFileStorage - filtered datafeed header readed: 5 stocks
2014-03-17 00:18:36,464 [main] INFO  YahooFileStorage - stocks were loaded
2014-03-17 00:19:07,057 [main] INFO  AlgorithmsLoader - start algorithm loader
2014-03-17 00:19:07,058 [main] DEBUG AlgorithmsLoader - properties file found
2014-03-17 00:19:07,059 [main] INFO  AlgorithmsLoader - stop algorithm loader
2014-03-17 00:19:08,961 [Thread-5] INFO  StockFilter - stock aapl have 47 days for last month
2014-03-17 00:19:09,021 [Thread-5] INFO  StockFilter - stock spy have 47 days for last month
2014-03-17 00:19:09,683 [main] INFO  StockFilter - stock smallaapl have 31 days for last month
2014-03-17 00:19:09,719 [main] INFO  StockFilter - stock ibm have 274 days for last month
2014-03-17 00:19:09,798 [main] INFO  StockFilter - stock aapl have 31 days for last month
2014-03-17 00:19:09,854 [main] INFO  StockFilter - stock spy have 31 days for last month
2014-03-17 00:19:09,954 [main] INFO  YahooFileStorage - filtered datafeed header readed: 5 stocks
2014-03-17 00:19:10,069 [main] INFO  YahooFileStorage - stocks were loaded
2014-03-17 00:19:10,070 [main] INFO  YahooFileStorage - filtered datafeed header readed: 5 stocks
2014-03-17 00:19:10,189 [main] INFO  YahooFileStorage - stocks were loaded
